This is XeTeX, Version 3.141592653-2.6-0.999994 (TeX Live 2022) (preloaded format=xelatex 2024.1.11)  12 JAN 2024 18:49
entering extended mode
 \write18 enabled.
 file:line:error style messages enabled.
 %&-line parsing enabled.
**c:/Users/destiny/directory/kbs2023-msqa/paper
(c:/Users/destiny/directory/kbs2023-msqa/paper.tex
LaTeX2e <2021-11-15> patch level 1
L3 programming layer <2022-02-24> (e:/LaTex2022/texlive/2022/texmf-dist/tex/latex/els-cas-templates/cas-dc.cls
Document Class: cas-dc 2021/05/11, 2.3: Formatting class for CAS double column articles
\c@blind=\count181
\@bls=\dimen138
(e:/LaTex2022/texlive/2022/texmf-dist/tex/latex/base/article.cls
Document Class: article 2021/10/04 v1.4n Standard LaTeX document class
(e:/LaTex2022/texlive/2022/texmf-dist/tex/latex/base/fleqn.clo
File: fleqn.clo 2016/12/29 v1.2b Standard LaTeX option (flush left equations)
\mathindent=\skip47
Applying: [2015/01/01] Make \[ robust on input line 50.
LaTeX Info: Redefining \[ on input line 51.
Already applied: [0000/00/00] Make \[ robust on input line 62.
Applying: [2015/01/01] Make \] robust on input line 74.
LaTeX Info: Redefining \] on input line 75.
Already applied: [0000/00/00] Make \] robust on input line 83.
) (e:/LaTex2022/texlive/2022/texmf-dist/tex/latex/base/size10.clo
File: size10.clo 2021/10/04 v1.4n Standard LaTeX file (size option)
)
\c@part=\count182
\c@section=\count183
\c@subsection=\count184
\c@subsubsection=\count185
\c@paragraph=\count186
\c@subparagraph=\count187
\c@figure=\count188
\c@table=\count189
\abovecaptionskip=\skip48
\belowcaptionskip=\skip49
\bibindent=\dimen139
) (e:/LaTex2022/texlive/2022/texmf-dist/tex/latex/graphics/graphicx.sty
Package: graphicx 2021/09/16 v1.2d Enhanced LaTeX Graphics (DPC,SPQR)
 (e:/LaTex2022/texlive/2022/texmf-dist/tex/latex/graphics/keyval.sty
Package: keyval 2014/10/28 v1.15 key=value parser (DPC)
\KV@toks@=\toks16
) (e:/LaTex2022/texlive/2022/texmf-dist/tex/latex/graphics/graphics.sty
Package: graphics 2021/03/04 v1.4d Standard LaTeX Graphics (DPC,SPQR)
 (e:/LaTex2022/texlive/2022/texmf-dist/tex/latex/graphics/trig.sty
Package: trig 2021/08/11 v1.11 sin cos tan (DPC)
) (e:/LaTex2022/texlive/2022/texmf-dist/tex/latex/graphics-cfg/graphics.cfg
File: graphics.cfg 2016/06/04 v1.11 sample graphics configuration
)
Package graphics Info: Driver file: xetex.def on input line 107.
 (e:/LaTex2022/texlive/2022/texmf-dist/tex/latex/graphics-def/xetex.def
File: xetex.def 2021/03/18 v5.0k Graphics/color driver for xetex
))
\Gin@req@height=\dimen140
\Gin@req@width=\dimen141
) (e:/LaTex2022/texlive/2022/texmf-dist/tex/latex/amsmath/amsmath.sty
Package: amsmath 2021/10/15 v2.17l AMS math features
\@mathmargin=\skip50

For additional information on amsmath, use the `?' option.
(e:/LaTex2022/texlive/2022/texmf-dist/tex/latex/amsmath/amstext.sty
Package: amstext 2021/08/26 v2.01 AMS text
 (e:/LaTex2022/texlive/2022/texmf-dist/tex/latex/amsmath/amsgen.sty
File: amsgen.sty 1999/11/30 v2.0 generic functions
\@emptytoks=\toks17
\ex@=\dimen142
)) (e:/LaTex2022/texlive/2022/texmf-dist/tex/latex/amsmath/amsbsy.sty
Package: amsbsy 1999/11/29 v1.2d Bold Symbols
\pmbraise@=\dimen143
) (e:/LaTex2022/texlive/2022/texmf-dist/tex/latex/amsmath/amsopn.sty
Package: amsopn 2021/08/26 v2.02 operator names
)
\inf@bad=\count190
LaTeX Info: Redefining \frac on input line 234.
\uproot@=\count191
\leftroot@=\count192
LaTeX Info: Redefining \overline on input line 399.
\classnum@=\count193
\DOTSCASE@=\count194
LaTeX Info: Redefining \ldots on input line 496.
LaTeX Info: Redefining \dots on input line 499.
LaTeX Info: Redefining \cdots on input line 620.
\Mathstrutbox@=\box50
\strutbox@=\box51
\big@size=\dimen144
LaTeX Font Info:    Redeclaring font encoding OML on input line 743.
LaTeX Font Info:    Redeclaring font encoding OMS on input line 744.
\macc@depth=\count195
\c@MaxMatrixCols=\count196
\dotsspace@=\muskip16
\c@parentequation=\count197
\dspbrk@lvl=\count198
\tag@help=\toks18
\row@=\count199
\column@=\count266
\maxfields@=\count267
\andhelp@=\toks19
\eqnshift@=\dimen145
\alignsep@=\dimen146
\tagshift@=\dimen147
\tagwidth@=\dimen148
\totwidth@=\dimen149
\lineht@=\dimen150
\@envbody=\toks20
\multlinegap=\skip51
\multlinetaggap=\skip52
\mathdisplay@stack=\toks21
LaTeX Info: Redefining \[ on input line 2938.
LaTeX Info: Redefining \] on input line 2939.
) (e:/LaTex2022/texlive/2022/texmf-dist/tex/latex/amsfonts/amsfonts.sty
Package: amsfonts 2013/01/14 v3.01 Basic AMSFonts support
\symAMSa=\mathgroup4
\symAMSb=\mathgroup5
LaTeX Font Info:    Redeclaring math symbol \hbar on input line 98.
LaTeX Font Info:    Overwriting math alphabet `\mathfrak' in version `bold'
(Font)                  U/euf/m/n --> U/euf/b/n on input line 106.
) (e:/LaTex2022/texlive/2022/texmf-dist/tex/latex/amsfonts/amssymb.sty
Package: amssymb 2013/01/14 v3.01 AMS font symbols
) (e:/LaTex2022/texlive/2022/texmf-dist/tex/latex/l3kernel/expl3.sty
Package: expl3 2022-02-24 L3 programming layer (loader) 
 (e:/LaTex2022/texlive/2022/texmf-dist/tex/latex/l3backend/l3backend-xetex.def
File: l3backend-xetex.def 2022-02-07 L3 backend support: XeTeX
 (|extractbb --version)
\c__kernel_sys_dvipdfmx_version_int=\count268
\l__color_backend_stack_int=\count269
\g__color_backend_stack_int=\count270
\g__graphics_track_int=\count271
\l__pdf_internal_box=\box52
\g__pdf_backend_object_int=\count272
\g__pdf_backend_annotation_int=\count273
\g__pdf_backend_link_int=\count274
)) (e:/LaTex2022/texlive/2022/texmf-dist/tex/latex/l3packages/xparse/xparse.sty
Package: xparse 2022-01-12 L3 Experimental document command parser
) (e:/LaTex2022/texlive/2022/texmf-dist/tex/latex/etoolbox/etoolbox.sty
Package: etoolbox 2020/10/05 v2.5k e-TeX tools for LaTeX (JAW)
\etb@tempcnta=\count275
) (e:/LaTex2022/texlive/2022/texmf-dist/tex/latex/preprint/balance.sty
Package: balance 1999/02/23 4.3 (PWD)
\oldvsize=\dimen151
) (e:/LaTex2022/texlive/2022/texmf-dist/tex/latex/booktabs/booktabs.sty
Package: booktabs 2020/01/12 v1.61803398 Publication quality tables
\heavyrulewidth=\dimen152
\lightrulewidth=\dimen153
\cmidrulewidth=\dimen154
\belowrulesep=\dimen155
\belowbottomsep=\dimen156
\aboverulesep=\dimen157
\abovetopsep=\dimen158
\cmidrulesep=\dimen159
\cmidrulekern=\dimen160
\defaultaddspace=\dimen161
\@cmidla=\count276
\@cmidlb=\count277
\@aboverulesep=\dimen162
\@belowrulesep=\dimen163
\@thisruleclass=\count278
\@lastruleclass=\count279
\@thisrulewidth=\dimen164
) (e:/LaTex2022/texlive/2022/texmf-dist/tex/latex/makecell/makecell.sty
Package: makecell 2009/08/03 V0.1e Managing of Tab Column Heads and Cells
 (e:/LaTex2022/texlive/2022/texmf-dist/tex/latex/tools/array.sty
Package: array 2021/10/04 v2.5f Tabular extension package (FMi)
\col@sep=\dimen165
\ar@mcellbox=\box53
\extrarowheight=\dimen166
\NC@list=\toks22
\extratabsurround=\skip53
\backup@length=\skip54
\ar@cellbox=\box54
)
\rotheadsize=\dimen167
\c@nlinenum=\count280
\TeXr@lab=\toks23
) (e:/LaTex2022/texlive/2022/texmf-dist/tex/latex/multirow/multirow.sty
Package: multirow 2021/03/15 v2.8 Span multiple rows of a table
\multirow@colwidth=\skip55
\multirow@cntb=\count281
\multirow@dima=\skip56
\bigstrutjot=\dimen168
) (e:/LaTex2022/texlive/2022/texmf-dist/tex/latex/colortbl/colortbl.sty
Package: colortbl 2020/01/04 v1.0e Color table columns (DPC)
 (e:/LaTex2022/texlive/2022/texmf-dist/tex/latex/graphics/color.sty
Package: color 2021/12/07 v1.3c Standard LaTeX Color (DPC)
 (e:/LaTex2022/texlive/2022/texmf-dist/tex/latex/graphics-cfg/color.cfg
File: color.cfg 2016/01/02 v1.6 sample color configuration
)
Package color Info: Driver file: xetex.def on input line 149.
)
\everycr=\toks24
\minrowclearance=\skip57
) (e:/LaTex2022/texlive/2022/texmf-dist/tex/latex/tools/dcolumn.sty
Package: dcolumn 2014/10/28 v1.06 decimal alignment package (DPC)
) (e:/LaTex2022/texlive/2022/texmf-dist/tex/latex/sttools/stfloats.sty
Package: stfloats 2017/03/27 v3.3 Improve float mechanism and baselineskip settings
\@dblbotnum=\count282
\c@dblbotnumber=\count283
) (e:/LaTex2022/texlive/2022/texmf-dist/tex/latex/tools/xspace.sty
Package: xspace 2014/10/28 v1.13 Space after command names (DPC,MH)
) (e:/LaTex2022/texlive/2022/texmf-dist/tex/generic/xstring/xstring.sty (e:/LaTex2022/texlive/2022/texmf-dist/tex/generic/xstring/xstring.tex
\integerpart=\count284
\decimalpart=\count285
)
Package: xstring 2021/07/21 v1.84 String manipulations (CT)
) (e:/LaTex2022/texlive/2022/texmf-dist/tex/latex/footmisc/footmisc.sty
Package: footmisc 2022/03/08 v6.0d a miscellany of footnote facilities
\FN@temptoken=\toks25
\footnotemargin=\dimen169
\@outputbox@depth=\dimen170
Package footmisc Info: Declaring symbol style bringhurst on input line 695.
Package footmisc Info: Declaring symbol style chicago on input line 703.
Package footmisc Info: Declaring symbol style wiley on input line 712.
Package footmisc Info: Declaring symbol style lamport-robust on input line 723.
Package footmisc Info: Declaring symbol style lamport* on input line 743.
Package footmisc Info: Declaring symbol style lamport*-robust on input line 764.
) (e:/LaTex2022/texlive/2022/texmf-dist/tex/latex/xcolor/xcolor.sty
Package: xcolor 2021/10/31 v2.13 LaTeX color extensions (UK)
 (e:/LaTex2022/texlive/2022/texmf-dist/tex/latex/graphics-cfg/color.cfg
File: color.cfg 2016/01/02 v1.6 sample color configuration
)
Package xcolor Info: Driver file: xetex.def on input line 227.
LaTeX Info: Redefining \color on input line 711.
Package xcolor Info: Model `cmy' substituted by `cmy0' on input line 1352.
Package xcolor Info: Model `RGB' extended on input line 1368.
Package xcolor Info: Model `HTML' substituted by `rgb' on input line 1370.
Package xcolor Info: Model `Hsb' substituted by `hsb' on input line 1371.
Package xcolor Info: Model `tHsb' substituted by `hsb' on input line 1372.
Package xcolor Info: Model `HSB' substituted by `hsb' on input line 1373.
Package xcolor Info: Model `Gray' substituted by `gray' on input line 1374.
Package xcolor Info: Model `wave' substituted by `hsb' on input line 1375.
 (e:/LaTex2022/texlive/2022/texmf-dist/tex/latex/graphics/dvipsnam.def
File: dvipsnam.def 2016/06/17 v3.0m Driver-dependent file (DPC,SPQR)
) (e:/LaTex2022/texlive/2022/texmf-dist/tex/latex/xcolor/svgnam.def
File: svgnam.def 2021/10/31 v2.13 Predefined colors according to SVG 1.1 (UK)
)) (e:/LaTex2022/texlive/2022/texmf-dist/tex/latex/hyperref/hyperref.sty
Package: hyperref 2022-02-21 v7.00n Hypertext links for LaTeX
 (e:/LaTex2022/texlive/2022/texmf-dist/tex/generic/ltxcmds/ltxcmds.sty
Package: ltxcmds 2020-05-10 v1.25 LaTeX kernel commands for general use (HO)
) (e:/LaTex2022/texlive/2022/texmf-dist/tex/generic/iftex/iftex.sty
Package: iftex 2022/02/03 v1.0f TeX engine tests
) (e:/LaTex2022/texlive/2022/texmf-dist/tex/generic/pdftexcmds/pdftexcmds.sty
Package: pdftexcmds 2020-06-27 v0.33 Utility functions of pdfTeX for LuaTeX (HO)
 (e:/LaTex2022/texlive/2022/texmf-dist/tex/generic/infwarerr/infwarerr.sty
Package: infwarerr 2019/12/03 v1.5 Providing info/warning/error messages (HO)
)
Package pdftexcmds Info: \pdf@primitive is available.
Package pdftexcmds Info: \pdf@ifprimitive is available.
Package pdftexcmds Info: \pdfdraftmode not found.
) (e:/LaTex2022/texlive/2022/texmf-dist/tex/generic/kvsetkeys/kvsetkeys.sty
Package: kvsetkeys 2019/12/15 v1.18 Key value parser (HO)
) (e:/LaTex2022/texlive/2022/texmf-dist/tex/generic/kvdefinekeys/kvdefinekeys.sty
Package: kvdefinekeys 2019-12-19 v1.6 Define keys (HO)
) (e:/LaTex2022/texlive/2022/texmf-dist/tex/generic/pdfescape/pdfescape.sty
Package: pdfescape 2019/12/09 v1.15 Implements pdfTeX's escape features (HO)
) (e:/LaTex2022/texlive/2022/texmf-dist/tex/latex/hycolor/hycolor.sty
Package: hycolor 2020-01-27 v1.10 Color options for hyperref/bookmark (HO)
) (e:/LaTex2022/texlive/2022/texmf-dist/tex/latex/letltxmacro/letltxmacro.sty
Package: letltxmacro 2019/12/03 v1.6 Let assignment for LaTeX macros (HO)
) (e:/LaTex2022/texlive/2022/texmf-dist/tex/latex/auxhook/auxhook.sty
Package: auxhook 2019-12-17 v1.6 Hooks for auxiliary files (HO)
) (e:/LaTex2022/texlive/2022/texmf-dist/tex/latex/kvoptions/kvoptions.sty
Package: kvoptions 2020-10-07 v3.14 Key value format for package options (HO)
)
\@linkdim=\dimen171
\Hy@linkcounter=\count286
\Hy@pagecounter=\count287
 (e:/LaTex2022/texlive/2022/texmf-dist/tex/latex/hyperref/pd1enc.def
File: pd1enc.def 2022-02-21 v7.00n Hyperref: PDFDocEncoding definition (HO)
) (e:/LaTex2022/texlive/2022/texmf-dist/tex/generic/intcalc/intcalc.sty
Package: intcalc 2019/12/15 v1.3 Expandable calculations with integers (HO)
) (e:/LaTex2022/texlive/2022/texmf-dist/tex/generic/etexcmds/etexcmds.sty
Package: etexcmds 2019/12/15 v1.7 Avoid name clashes with e-TeX commands (HO)
)
\Hy@SavedSpaceFactor=\count288
 (e:/LaTex2022/texlive/2022/texmf-dist/tex/latex/hyperref/puenc.def
File: puenc.def 2022-02-21 v7.00n Hyperref: PDF Unicode definition (HO)
)
Package hyperref Info: Option `colorlinks' set `true' on input line 4018.
Package hyperref Info: Hyper figures OFF on input line 4137.
Package hyperref Info: Link nesting OFF on input line 4142.
Package hyperref Info: Hyper index ON on input line 4145.
Package hyperref Info: Plain pages OFF on input line 4152.
Package hyperref Info: Backreferencing OFF on input line 4157.
Package hyperref Info: Implicit mode ON; LaTeX internals redefined.
Package hyperref Info: Bookmarks ON on input line 4390.
\c@Hy@tempcnt=\count289
 (e:/LaTex2022/texlive/2022/texmf-dist/tex/latex/url/url.sty
\Urlmuskip=\muskip17
Package: url 2013/09/16  ver 3.4  Verb mode for urls, etc.
)
LaTeX Info: Redefining \url on input line 4749.
\XeTeXLinkMargin=\dimen172
 (e:/LaTex2022/texlive/2022/texmf-dist/tex/generic/bitset/bitset.sty
Package: bitset 2019/12/09 v1.3 Handle bit-vector datatype (HO)
 (e:/LaTex2022/texlive/2022/texmf-dist/tex/generic/bigintcalc/bigintcalc.sty
Package: bigintcalc 2019/12/15 v1.5 Expandable calculations on big integers (HO)
))
\Fld@menulength=\count290
\Field@Width=\dimen173
\Fld@charsize=\dimen174
Package hyperref Info: Hyper figures OFF on input line 6027.
Package hyperref Info: Link nesting OFF on input line 6032.
Package hyperref Info: Hyper index ON on input line 6035.
Package hyperref Info: backreferencing OFF on input line 6042.
Package hyperref Info: Link coloring ON on input line 6045.
Package hyperref Info: Link coloring with OCG OFF on input line 6052.
Package hyperref Info: PDF/A mode OFF on input line 6057.
LaTeX Info: Redefining \ref on input line 6097.
LaTeX Info: Redefining \pageref on input line 6101.
 (e:/LaTex2022/texlive/2022/texmf-dist/tex/latex/base/atbegshi-ltx.sty
Package: atbegshi-ltx 2021/01/10 v1.0c Emulation of the original atbegshi
package with kernel methods
)
\Hy@abspage=\count291
\c@Item=\count292
\c@Hfootnote=\count293
)
Package hyperref Info: Driver (autodetected): hxetex.
 (e:/LaTex2022/texlive/2022/texmf-dist/tex/latex/hyperref/hxetex.def
File: hxetex.def 2022-02-21 v7.00n Hyperref driver for XeTeX
 (e:/LaTex2022/texlive/2022/texmf-dist/tex/generic/stringenc/stringenc.sty
Package: stringenc 2019/11/29 v1.12 Convert strings between diff. encodings (HO)
)
\pdfm@box=\box55
\c@Hy@AnnotLevel=\count294
\HyField@AnnotCount=\count295
\Fld@listcount=\count296
\c@bookmark@seq@number=\count297
 (e:/LaTex2022/texlive/2022/texmf-dist/tex/latex/rerunfilecheck/rerunfilecheck.sty
Package: rerunfilecheck 2019/12/05 v1.9 Rerun checks for auxiliary files (HO)
 (e:/LaTex2022/texlive/2022/texmf-dist/tex/latex/base/atveryend-ltx.sty
Package: atveryend-ltx 2020/08/19 v1.0a Emulation of the original atveryend package
with kernel methods
) (e:/LaTex2022/texlive/2022/texmf-dist/tex/generic/uniquecounter/uniquecounter.sty
Package: uniquecounter 2019/12/15 v1.4 Provide unlimited unique counter (HO)
)
Package uniquecounter Info: New unique counter `rerunfilecheck' on input line 286.
)
\Hy@SectionHShift=\skip58
) (e:/LaTex2022/texlive/2022/texmf-dist/tex/latex/els-cas-templates/cas-common.sty
\l_stm_title_before_dim=\dimen175
\l_stm_title_after_dim=\dimen176
\g_ead_int=\count298
\g_uad_int=\count299
\@eadauthor=\toks26
\g_stm_tnote_int=\count300
\g_stm_fnote_int=\count301
\g_stm_cor_int=\count302
\g_stm_au_int=\count303
\g_stm_aau_int=\count304
\l_autype_int=\count305
\l_stm_augroup_before_dim=\dimen177
\l_stm_augroup_after_dim=\dimen178
\l_stm_augroup_lskip_tl=\dimen179
\l_stm_augroup_rskip_tl=\dimen180
\g_stm_aff_int=\count306
\g_stm_aff_ext_int=\count307
\g_stm_aff_int_int=\count308
\g_stm_fn_aff_ext_int=\count309
\g_stm_fn_aff_int_int=\count310
\l_stm_aff_before_dim=\dimen181
\l_stm_aff_after_dim=\dimen182
\l_stm_aff_lskip_dim=\dimen183
\l_stm_aff_rskip_dim=\dimen184
\g_stm_augr_int=\count311
\g_stm_aaugr_int=\count312
 (e:/LaTex2022/texlive/2022/texmf-dist/tex/latex/moreverb/moreverb.sty
Package: moreverb 2008/06/03 v2.3a `more' verbatim facilities
 (e:/LaTex2022/texlive/2022/texmf-dist/tex/latex/tools/verbatim.sty
Package: verbatim 2020-07-07 v1.5u LaTeX2e package for verbatim enhancements
\every@verbatim=\toks27
\verbatim@line=\toks28
\verbatim@in@stream=\read2
)
\tab@position=\count313
\tab@size=\count314
\listing@line=\count315
)
\g_stm_abs_box=\box56
\casgrabsbox=\box57
\casauhlbox=\box58
\g_stm_key_box=\box59
\g_stm_jtype_int=\count316
\g_stm_blind_int=\count317
\c@au=\count318
\c@cnote=\count319
\c@tnote=\count320
\c@fnote=\count321
\c@aff=\count322
\g_stm_notes_box=\box60
\g_stm_front_box=\box61
\paraindent=\dimen185
\subparaindent=\dimen186
\FullWidth=\dimen187
\l_tbl_width_dim=\dimen188
\l_tbl_abovecap_skip=\skip59
\l_tbl_belowcap_skip=\skip60
\l_tbl_abovetbl_skip=\skip61
\l_tbl_belowtbl_skip=\skip62
\l_fig_width_dim=\dimen189
\cascaptionbox=\box62
\l_fig_abovecap_skip=\skip63
\l_fig_belowcap_skip=\skip64
\l_fig_abovefig_skip=\skip65
\l_fig_belowfig_skip=\skip66
 (e:/LaTex2022/texlive/2022/texmf-dist/tex/latex/wrapfig/wrapfig.sty
\wrapoverhang=\dimen190
\WF@size=\dimen191
\c@WF@wrappedlines=\count323
\WF@box=\box63
\WF@everypar=\toks29
Package: wrapfig 2003/01/31  v 3.6
)
\l_wrap_figwidth_dim=\dimen192
\l_wrap_fighspace_dim=\dimen193
\l_wrap_figvspace_dim=\dimen194
\l_wrap_fighcorr_dim=\dimen195
\l_wrap_figvcorr_dim=\dimen196
\l_above_bio_dim=\dimen197
\l_wrap_figlcorr_int=\count324
\l_wrap_figlines_int=\count325
\l_bio_text_box=\box64
\c@ca_biography_ctr=\count326
\l_ca_temp_inta=\count327
\leftMargin=\dimen198
\@enLab=\toks30
\@sep=\skip67
\@@sep=\skip68
) (e:/LaTex2022/texlive/2022/texmf-dist/tex/latex/base/fontenc.sty
Package: fontenc 2021/04/29 v2.0v Standard LaTeX package
LaTeX Font Info:    Trying to load font information for T1+lmr on input line 112.
 (e:/LaTex2022/texlive/2022/texmf-dist/tex/latex/lm/t1lmr.fd
File: t1lmr.fd 2015/05/01 v1.6.1 Font defs for Latin Modern
)) (e:/LaTex2022/texlive/2022/texmf-dist/tex/latex/stix/stix.sty
Package: stix 2018/04/17 v1.1.3-latex STIX fonts support package
 (e:/LaTex2022/texlive/2022/texmf-dist/tex/latex/base/textcomp.sty
Package: textcomp 2020/02/02 v2.0n Standard LaTeX package
LaTeX Font Info:    Changing ? sub-encoding to TS1/0 on input line 78.
)
LaTeX Font Info:    Redeclaring symbol font `letters' on input line 76.
LaTeX Font Info:    Encoding `OML' has changed to `LS1' for symbol font
(Font)              `letters' in the math version `normal' on input line 76.
LaTeX Font Info:    Overwriting symbol font `letters' in version `normal'
(Font)                  OML/cmm/m/it --> LS1/stix/m/it on input line 76.
LaTeX Font Info:    Encoding `OML' has changed to `LS1' for symbol font
(Font)              `letters' in the math version `bold' on input line 76.
LaTeX Font Info:    Overwriting symbol font `letters' in version `bold'
(Font)                  OML/cmm/b/it --> LS1/stix/m/it on input line 76.
LaTeX Font Info:    Redeclaring symbol font `operators' on input line 77.
LaTeX Font Info:    Encoding `OT1' has changed to `LS1' for symbol font
(Font)              `operators' in the math version `normal' on input line 77.
LaTeX Font Info:    Overwriting symbol font `operators' in version `normal'
(Font)                  OT1/cmr/m/n --> LS1/stix/m/n on input line 77.
LaTeX Font Info:    Encoding `OT1' has changed to `LS1' for symbol font
(Font)              `operators' in the math version `bold' on input line 77.
LaTeX Font Info:    Overwriting symbol font `operators' in version `bold'
(Font)                  OT1/cmr/bx/n --> LS1/stix/m/n on input line 77.
\symbold-operators=\mathgroup6
LaTeX Font Info:    Redeclaring symbol font `symbols' on input line 79.
LaTeX Font Info:    Encoding `OMS' has changed to `LS1' for symbol font
(Font)              `symbols' in the math version `normal' on input line 79.
LaTeX Font Info:    Overwriting symbol font `symbols' in version `normal'
(Font)                  OMS/cmsy/m/n --> LS1/stixscr/m/n on input line 79.
LaTeX Font Info:    Encoding `OMS' has changed to `LS1' for symbol font
(Font)              `symbols' in the math version `bold' on input line 79.
LaTeX Font Info:    Overwriting symbol font `symbols' in version `bold'
(Font)                  OMS/cmsy/b/n --> LS1/stixscr/m/n on input line 79.
\symsymbols2=\mathgroup7
\symsymbols3=\mathgroup8
\symsymbols4=\mathgroup9
\symintegrals=\mathgroup10
LaTeX Font Info:    Redeclaring symbol font `largesymbols' on input line 84.
LaTeX Font Info:    Encoding `OMX' has changed to `LS2' for symbol font
(Font)              `largesymbols' in the math version `normal' on input line 84.
LaTeX Font Info:    Overwriting symbol font `largesymbols' in version `normal'
(Font)                  OMX/cmex/m/n --> LS2/stixex/m/n on input line 84.
LaTeX Font Info:    Encoding `OMX' has changed to `LS2' for symbol font
(Font)              `largesymbols' in the math version `bold' on input line 84.
LaTeX Font Info:    Overwriting symbol font `largesymbols' in version `bold'
(Font)                  OMX/cmex/m/n --> LS2/stixex/m/n on input line 84.
\symarrows1=\mathgroup11
\symarrows2=\mathgroup12
\symarrows3=\mathgroup13
LaTeX Font Info:    Overwriting symbol font `letters' in version `bold'
(Font)                  LS1/stix/m/it --> LS1/stix/b/it on input line 88.
LaTeX Font Info:    Overwriting symbol font `operators' in version `bold'
(Font)                  LS1/stix/m/n --> LS1/stix/b/n on input line 89.
LaTeX Font Info:    Overwriting symbol font `symbols' in version `bold'
(Font)                  LS1/stixscr/m/n --> LS1/stixscr/b/n on input line 90.
LaTeX Font Info:    Overwriting symbol font `symbols2' in version `bold'
(Font)                  LS1/stixfrak/m/n --> LS1/stixfrak/b/n on input line 91.
LaTeX Font Info:    Overwriting symbol font `symbols3' in version `bold'
(Font)                  LS1/stixbb/m/n --> LS1/stixbb/b/n on input line 92.
LaTeX Font Info:    Overwriting symbol font `symbols4' in version `bold'
(Font)                  LS1/stixbb/m/it --> LS1/stixbb/b/it on input line 93.
LaTeX Font Info:    Overwriting symbol font `integrals' in version `bold'
(Font)                  LS2/stixcal/m/n --> LS2/stixcal/b/n on input line 94.
LaTeX Font Info:    Overwriting symbol font `largesymbols' in version `bold'
(Font)                  LS2/stixex/m/n --> LS2/stixex/b/n on input line 95.
LaTeX Font Info:    Overwriting symbol font `arrows1' in version `bold'
(Font)                  LS1/stixsf/m/n --> LS1/stixsf/b/n on input line 96.
LaTeX Font Info:    Overwriting symbol font `arrows2' in version `bold'
(Font)                  LS1/stixsf/m/it --> LS1/stixsf/b/it on input line 97.
LaTeX Font Info:    Overwriting symbol font `arrows3' in version `bold'
(Font)                  LS2/stixtt/m/n --> LS2/stixtt/b/n on input line 98.
LaTeX Font Info:    Redeclaring math alphabet \mathit on input line 99.
LaTeX Font Info:    Redeclaring math alphabet \mathfrak on input line 102.
LaTeX Font Info:    Redeclaring math alphabet \mathsf on input line 106.
LaTeX Font Info:    Redeclaring math alphabet \mathtt on input line 108.
LaTeX Font Info:    Redeclaring math alphabet \mathbf on input line 109.
LaTeX Info: Redefining \yen on input line 456.
LaTeX Info: Redefining \circledR on input line 458.
LaTeX Info: Redefining \checkmark on input line 460.
LaTeX Info: Redefining \maltese on input line 461.
LaTeX Font Info:    Redeclaring math accent \grave on input line 698.
LaTeX Font Info:    Redeclaring math accent \acute on input line 699.
LaTeX Font Info:    Redeclaring math accent \hat on input line 700.
LaTeX Font Info:    Redeclaring math accent \tilde on input line 701.
LaTeX Font Info:    Redeclaring math accent \bar on input line 702.
LaTeX Font Info:    Redeclaring math accent \breve on input line 703.
LaTeX Font Info:    Redeclaring math accent \dot on input line 704.
LaTeX Font Info:    Redeclaring math accent \ddot on input line 705.
LaTeX Font Info:    Redeclaring math accent \mathring on input line 707.
LaTeX Font Info:    Redeclaring math accent \check on input line 708.
LaTeX Font Info:    Redeclaring math accent \vec on input line 716.
LaTeX Font Info:    Redeclaring math accent \widehat on input line 728.
LaTeX Font Info:    Redeclaring math accent \widetilde on input line 729.
LaTeX Info: Redefining \vdots on input line 1518.
LaTeX Info: Redefining \cdots on input line 1522.
LaTeX Font Info:    Redeclaring math symbol \mathsterling on input line 1978.
LaTeX Info: Redefining \not on input line 2144.
) (e:/LaTex2022/texlive/2022/texmf-dist/tex/latex/inconsolata/inconsolata.sty
Package: inconsolata 2019/05/17 v1.12
 `inconsolata-zi4' v1.12, 2019/05/17 Text macros for Inconsolata (msharpe) (e:/LaTex2022/texlive/2022/texmf-dist/tex/latex/xkeyval/xkeyval.sty
Package: xkeyval 2020/11/20 v2.8 package option processing (HA)
 (e:/LaTex2022/texlive/2022/texmf-dist/tex/generic/xkeyval/xkeyval.tex (e:/LaTex2022/texlive/2022/texmf-dist/tex/generic/xkeyval/xkvutils.tex
\XKV@toks=\toks31
\XKV@tempa@toks=\toks32
)
\XKV@depth=\count328
File: xkeyval.tex 2014/12/03 v2.7a key=value parser (HA)
))
\zifour@ocount=\count329
) (e:/LaTex2022/texlive/2022/texmf-dist/tex/latex/geometry/geometry.sty
Package: geometry 2020/01/02 v5.9 Page Geometry
 (e:/LaTex2022/texlive/2022/texmf-dist/tex/generic/iftex/ifvtex.sty
Package: ifvtex 2019/10/25 v1.7 ifvtex legacy package. Use iftex instead.
)
\Gm@cnth=\count330
\Gm@cntv=\count331
\c@Gm@tempcnt=\count332
\Gm@bindingoffset=\dimen199
\Gm@wd@mp=\dimen256
\Gm@odd@mp=\dimen257
\Gm@even@mp=\dimen258
\Gm@layoutwidth=\dimen259
\Gm@layoutheight=\dimen260
\Gm@layouthoffset=\dimen261
\Gm@layoutvoffset=\dimen262
\Gm@dimlist=\toks33
)) (e:/LaTex2022/texlive/2022/texmf-dist/tex/latex/natbib/natbib.sty
Package: natbib 2010/09/13 8.31b (PWD, AO)
\bibhang=\skip69
\bibsep=\skip70
LaTeX Info: Redefining \cite on input line 694.
\c@NAT@ctr=\count333
) (e:/LaTex2022/texlive/2022/texmf-dist/tex/latex/doublestroke/dsfont.sty
Package: dsfont 1995/08/01 v0.1 Double stroke roman fonts
) (e:/LaTex2022/texlive/2022/texmf-dist/tex/latex/float/float.sty
Package: float 2001/11/08 v1.3d Float enhancements (AL)
\c@float@type=\count334
\float@exts=\toks34
\float@box=\box65
\@float@everytoks=\toks35
\@floatcapt=\box66
) (e:/LaTex2022/texlive/2022/texmf-dist/tex/latex/placeins/placeins.sty
Package: placeins 2005/04/18  v 2.2
) (e:/LaTex2022/texlive/2022/texmf-dist/tex/latex/lineno/lineno.sty
Package: lineno 2005/11/02 line numbers on paragraphs v4.41
Invalid UTF-8 byte or sequence at line 296 replaced by U+FFFD.
\linenopenalty=\count335
\output=\toks36
\linenoprevgraf=\count336
\linenumbersep=\dimen263
\linenumberwidth=\dimen264
\c@linenumber=\count337
\c@pagewiselinenumber=\count338
\c@LN@truepage=\count339
\c@internallinenumber=\count340
\c@internallinenumbers=\count341
\quotelinenumbersep=\dimen265
\bframerule=\dimen266
\bframesep=\dimen267
\bframebox=\box67
LaTeX Info: Redefining \\ on input line 3056.
) (e:/LaTex2022/texlive/2022/texmf-dist/tex/latex/caption/caption.sty
Package: caption 2022/03/01 v3.6b Customizing captions (AR)
 (e:/LaTex2022/texlive/2022/texmf-dist/tex/latex/caption/caption3.sty
Package: caption3 2022/03/17 v2.3b caption3 kernel (AR)
\caption@tempdima=\dimen268
\captionmargin=\dimen269
\caption@leftmargin=\dimen270
\caption@rightmargin=\dimen271
\caption@width=\dimen272
\caption@indent=\dimen273
\caption@parindent=\dimen274
\caption@hangindent=\dimen275
Package caption Info: Standard document class detected.
)
\c@caption@flags=\count342
\c@continuedfloat=\count343
Package caption Info: float package is loaded.
Package caption Info: hyperref package is loaded.
Package caption Info: wrapfig package is loaded.
) (e:/LaTex2022/texlive/2022/texmf-dist/tex/latex/caption/subcaption.sty
Package: subcaption 2022/01/07 v1.5 Sub-captions (AR)
\c@subfigure=\count344
\c@subtable=\count345
) (e:/LaTex2022/texlive/2022/texmf-dist/tex/latex/tools/multicol.sty
Package: multicol 2021/10/28 v1.9b multicolumn formatting (FMi)
\c@tracingmulticols=\count346


Package multicol Warning: May not work with the twocolumn option on input line 142.

\mult@box=\box68
\multicol@leftmargin=\dimen276
\c@unbalance=\count347
\c@collectmore=\count348
\doublecol@number=\count349
\multicoltolerance=\count350
\multicolpretolerance=\count351
\full@width=\dimen277
\page@free=\dimen278
\premulticols=\dimen279
\postmulticols=\dimen280
\multicolsep=\skip71
\multicolbaselineskip=\skip72
\partial@page=\box69
\last@line=\box70
\maxbalancingoverflow=\dimen281
\mult@rightbox=\box71
\mult@grightbox=\box72
\mult@firstbox=\box73
\mult@gfirstbox=\box74
\@tempa=\box75
\@tempa=\box76
\@tempa=\box77
\@tempa=\box78
\@tempa=\box79
\@tempa=\box80
\@tempa=\box81
\@tempa=\box82
\@tempa=\box83
\@tempa=\box84
\@tempa=\box85
\@tempa=\box86
\@tempa=\box87
\@tempa=\box88
\@tempa=\box89
\@tempa=\box90
\@tempa=\box91
\@tempa=\box92
\@tempa=\box93
\@tempa=\box94
\@tempa=\box95
\@tempa=\box96
\@tempa=\box97
\@tempa=\box98
\@tempa=\box99
\@tempa=\box100
\@tempa=\box101
\@tempa=\box102
\@tempa=\box103
\@tempa=\box104
\@tempa=\box105
\@tempa=\box106
\@tempa=\box107
\@tempa=\box108
\@tempa=\box109
\@tempa=\box110
\c@minrows=\count352
\c@columnbadness=\count353
\c@finalcolumnbadness=\count354
\last@try=\dimen282
\multicolovershoot=\dimen283
\multicolundershoot=\dimen284
\mult@nat@firstbox=\box111
\colbreak@box=\box112
\mc@col@check@num=\count355
) (e:/LaTex2022/texlive/2022/texmf-dist/tex/latex/diagbox/diagbox.sty
Package: diagbox 2020/02/09 v2.3 Making table heads with diagonal lines
 (e:/LaTex2022/texlive/2022/texmf-dist/tex/latex/pict2e/pict2e.sty
Package: pict2e 2020/09/30 v0.4b Improved picture commands (HjG,RN,JT)
 (e:/LaTex2022/texlive/2022/texmf-dist/tex/latex/pict2e/pict2e.cfg
File: pict2e.cfg 2016/02/05 v0.1u pict2e configuration for teTeX/TeXLive
)
Package pict2e Info: Driver file: xetex.def on input line 112.
Package pict2e Info: Driver file for pict2e: p2e-xetex.def on input line 114.
 (e:/LaTex2022/texlive/2022/texmf-dist/tex/latex/pict2e/p2e-xetex.def
File: p2e-xetex.def 2016/02/05 v0.1u Driver-dependant file (RN,HjG,JT)
)
\pIIe@GRAPH=\toks37
\@arclen=\dimen285
\@arcrad=\dimen286
\pIIe@tempdima=\dimen287
\pIIe@tempdimb=\dimen288
\pIIe@tempdimc=\dimen289
\pIIe@tempdimd=\dimen290
\pIIe@tempdime=\dimen291
\pIIe@tempdimf=\dimen292
) (e:/LaTex2022/texlive/2022/texmf-dist/tex/latex/tools/calc.sty
Package: calc 2017/05/25 v4.3 Infix arithmetic (KKT,FJ)
\calc@Acount=\count356
\calc@Bcount=\count357
\calc@Adimen=\dimen293
\calc@Bdimen=\dimen294
\calc@Askip=\skip73
\calc@Bskip=\skip74
LaTeX Info: Redefining \setlength on input line 80.
LaTeX Info: Redefining \addtolength on input line 81.
\calc@Ccount=\count358
\calc@Cskip=\skip75
)
\diagbox@boxa=\box113
\diagbox@boxb=\box114
\diagbox@boxm=\box115
\diagbox@wd=\dimen295
\diagbox@ht=\dimen296
\diagbox@insepl=\dimen297
\diagbox@insepr=\dimen298
\diagbox@outsepl=\dimen299
\diagbox@outsepr=\dimen300
) (e:/LaTex2022/texlive/2022/texmf-dist/tex/latex/jknapltx/mathrsfs.sty
Package: mathrsfs 1996/01/01 Math RSFS package v1.0 (jk)
\symrsfs=\mathgroup14
) (e:/LaTex2022/texlive/2022/texmf-dist/tex/generic/soul/soul.sty
Package: soul 2003/11/17 v2.4 letterspacing/underlining (mf)
\SOUL@word=\toks38
\SOUL@lasttoken=\toks39
\SOUL@cmds=\toks40
\SOUL@buffer=\toks41
\SOUL@token=\toks42
\SOUL@spaceskip=\skip76
\SOUL@ttwidth=\dimen301
\SOUL@uldp=\dimen302
\SOUL@ulht=\dimen303
) (e:/LaTex2022/texlive/2022/texmf-dist/tex/xelatex/mathspec/mathspec.sty
Package: mathspec 2016/12/22 v0.2b LaTeX Package (Mathematics font selection for XeLaTeX)
 (e:/LaTex2022/texlive/2022/texmf-dist/tex/generic/iftex/ifxetex.sty
Package: ifxetex 2019/10/25 v0.7 ifxetex legacy package. Use iftex instead.
) (e:/LaTex2022/texlive/2022/texmf-dist/tex/latex/fontspec/fontspec.sty
Package: fontspec 2022/01/15 v2.8a Font selection for XeLaTeX and LuaLaTeX
 (e:/LaTex2022/texlive/2022/texmf-dist/tex/latex/fontspec/fontspec-xetex.sty
Package: fontspec-xetex 2022/01/15 v2.8a Font selection for XeLaTeX and LuaLaTeX
\l__fontspec_script_int=\count359
\l__fontspec_language_int=\count360
\l__fontspec_strnum_int=\count361
\l__fontspec_tmp_int=\count362
\l__fontspec_tmpa_int=\count363
\l__fontspec_tmpb_int=\count364
\l__fontspec_tmpc_int=\count365
\l__fontspec_em_int=\count366
\l__fontspec_emdef_int=\count367
\l__fontspec_strong_int=\count368
\l__fontspec_strongdef_int=\count369
\l__fontspec_tmpa_dim=\dimen304
\l__fontspec_tmpb_dim=\dimen305
\l__fontspec_tmpc_dim=\dimen306
 (e:/LaTex2022/texlive/2022/texmf-dist/tex/latex/base/fontenc.sty
Package: fontenc 2021/04/29 v2.0v Standard LaTeX package
) (e:/LaTex2022/texlive/2022/texmf-dist/tex/latex/fontspec/fontspec.cfg)))
\c@eu@=\count370
\c@eu@i=\count371
\c@mkern=\count372
) (e:/LaTex2022/texlive/2022/texmf-dist/tex/xelatex/xecjk/xeCJK.sty
Package: xeCJK 2021/12/12 v3.8.8 Typesetting CJK scripts with XeLaTeX
 (e:/LaTex2022/texlive/2022/texmf-dist/tex/latex/ctex/ctexhook.sty
Package: ctexhook 2021/12/12 v2.5.8 Document and package hooks (CTEX)
) (e:/LaTex2022/texlive/2022/texmf-dist/tex/latex/l3packages/l3keys2e/l3keys2e.sty
Package: l3keys2e 2022-01-12 LaTeX2e option processing using LaTeX3 keys
) (e:/LaTex2022/texlive/2022/texmf-dist/tex/latex/l3packages/xtemplate/xtemplate.sty
Package: xtemplate 2022-01-12 L3 Experimental prototype document functions
\l__xtemplate_tmp_dim=\dimen307
\l__xtemplate_tmp_int=\count373
\l__xtemplate_tmp_muskip=\muskip18
\l__xtemplate_tmp_skip=\skip77
)
\l__xeCJK_tmp_int=\count374
\l__xeCJK_tmp_box=\box116
\l__xeCJK_tmp_dim=\dimen308
\l__xeCJK_tmp_skip=\skip78
\g__xeCJK_space_factor_int=\count375
\l__xeCJK_begin_int=\count376
\l__xeCJK_end_int=\count377
\c__xeCJK_CJK_class_int=\XeTeXcharclass1
\c__xeCJK_FullLeft_class_int=\XeTeXcharclass2
\c__xeCJK_FullRight_class_int=\XeTeXcharclass3
\c__xeCJK_HalfLeft_class_int=\XeTeXcharclass4
\c__xeCJK_HalfRight_class_int=\XeTeXcharclass5
\c__xeCJK_NormalSpace_class_int=\XeTeXcharclass6
\c__xeCJK_CM_class_int=\XeTeXcharclass7
\c__xeCJK_HangulJamo_class_int=\XeTeXcharclass8
\l__xeCJK_last_skip=\skip79
\g__xeCJK_node_int=\count378
\c__xeCJK_CJK_node_dim=\dimen309
\c__xeCJK_CJK-space_node_dim=\dimen310
\c__xeCJK_default_node_dim=\dimen311
\c__xeCJK_default-space_node_dim=\dimen312
\c__xeCJK_CJK-widow_node_dim=\dimen313
\c__xeCJK_normalspace_node_dim=\dimen314
\l__xeCJK_ccglue_skip=\skip80
\l__xeCJK_ecglue_skip=\skip81
\l__xeCJK_punct_kern_skip=\skip82
\l__xeCJK_last_penalty_int=\count379
\l__xeCJK_last_bound_dim=\dimen315
\l__xeCJK_last_kern_dim=\dimen316
\l__xeCJK_widow_penalty_int=\count380

Package xtemplate Info: Declaring object type 'xeCJK/punctuation' taking 0
(xtemplate)             argument(s) on line 2337.

\l__xeCJK_fixed_punct_width_dim=\dimen317
\l__xeCJK_mixed_punct_width_dim=\dimen318
\l__xeCJK_middle_punct_width_dim=\dimen319
\l__xeCJK_fixed_margin_width_dim=\dimen320
\l__xeCJK_mixed_margin_width_dim=\dimen321
\l__xeCJK_middle_margin_width_dim=\dimen322
\l__xeCJK_bound_punct_width_dim=\dimen323
\l__xeCJK_bound_margin_width_dim=\dimen324
\l__xeCJK_margin_minimum_dim=\dimen325
\l__xeCJK_kerning_total_width_dim=\dimen326
\l__xeCJK_same_align_margin_dim=\dimen327
\l__xeCJK_different_align_margin_dim=\dimen328
\l__xeCJK_kerning_margin_width_dim=\dimen329
\l__xeCJK_kerning_margin_minimum_dim=\dimen330
\l__xeCJK_bound_dim=\dimen331
\l__xeCJK_reverse_bound_dim=\dimen332
\l__xeCJK_margin_dim=\dimen333
\l__xeCJK_minimum_bound_dim=\dimen334
\l__xeCJK_kerning_margin_dim=\dimen335
\g__xeCJK_family_int=\count381
\l__xeCJK_fam_int=\count382
\g__xeCJK_fam_allocation_int=\count383
\l__xeCJK_verb_case_int=\count384
\l__xeCJK_verb_exspace_skip=\skip83
 (e:/LaTex2022/texlive/2022/texmf-dist/tex/xelatex/xecjk/xeCJK.cfg
File: xeCJK.cfg 2021/12/12 v3.8.8 Configuration file for xeCJK package
)) (e:/LaTex2022/texlive/2022/texmf-dist/tex/latex/algorithm2e/algorithm2e.sty
Invalid UTF-8 byte or sequence at line 284 replaced by U+FFFD.
Invalid UTF-8 byte or sequence at line 299 replaced by U+FFFD.
Invalid UTF-8 byte or sequence at line 550 replaced by U+FFFD.
Package: algorithm2e 2017/07/18 v5.2 algorithms environments
\c@AlgoLine=\count385
 (e:/LaTex2022/texlive/2022/texmf-dist/tex/latex/base/ifthen.sty
Package: ifthen 2020/11/24 v1.1c Standard LaTeX ifthen package (DPC)
)
\algocf@hangindent=\skip84
 (e:/LaTex2022/texlive/2022/texmf-dist/tex/latex/ifoddpage/ifoddpage.sty
Package: ifoddpage 2016/04/23 v1.1 Conditionals for odd/even page detection
\c@checkoddpage=\count386
) (e:/LaTex2022/texlive/2022/texmf-dist/tex/latex/relsize/relsize.sty
Package: relsize 2013/03/29 ver 4.1
)
\skiptotal=\skip85
\skiplinenumber=\skip86
\skiprule=\skip87
\skiphlne=\skip88
\skiptext=\skip89
\skiplength=\skip90
\algomargin=\skip91
\skipalgocfslide=\skip92
\algowidth=\dimen336
\inoutsize=\dimen337
\inoutindent=\dimen338
\interspacetitleruled=\dimen339
\interspacealgoruled=\dimen340
\interspacetitleboxruled=\dimen341
\algocf@ruledwidth=\skip93
\algocf@inoutbox=\box117
\algocf@inputbox=\box118
\AlCapSkip=\skip94
\AlCapHSkip=\skip95
\algoskipindent=\skip96
\algocf@nlbox=\box119
\algocf@hangingbox=\box120
\algocf@untilbox=\box121
\algocf@skipuntil=\skip97
\algocf@capbox=\box122
\algocf@lcaptionbox=\skip98
\algoheightruledefault=\skip99
\algoheightrule=\skip100
\algotitleheightruledefault=\skip101
\algotitleheightrule=\skip102
\c@algocfline=\count387
\c@algocfproc=\count388
\c@algocf=\count389
\algocf@algoframe=\box123
\algocf@algobox=\box124
)
\c@example=\count390
\c@lemma=\count391
\c@definition=\count392


Package xeCJK Warning: Fandol is being set as the default font for CJK text.
(xeCJK)                Please make sure it has been properly installed.


Package fontspec Warning: Font "FandolSong-Regular" does not contain requested
(fontspec)                Script "CJK".


Package fontspec Info: Font family 'FandolSong-Regular(0)' created for font
(fontspec)             'FandolSong-Regular' with options
(fontspec)             [Script={CJK},Extension={.otf},BoldFont={FandolSong-Bold},ItalicFont={FandolKai-Regular}].
(fontspec)              
(fontspec)              This font family consists of the following NFSS
(fontspec)             series/shapes:
(fontspec)              
(fontspec)             - 'normal' (m/n) with NFSS spec.:
(fontspec)             <->"[FandolSong-Regular.otf]/OT:language=dflt;"
(fontspec)             - 'small caps'  (m/sc) with NFSS spec.: 
(fontspec)             - 'bold' (b/n) with NFSS spec.:
(fontspec)             <->"[FandolSong-Bold.otf]/OT:language=dflt;"
(fontspec)             - 'bold small caps'  (b/sc) with NFSS spec.: 
(fontspec)             - 'italic' (m/it) with NFSS spec.:
(fontspec)             <->"[FandolKai-Regular.otf]/OT:language=dflt;"
(fontspec)             - 'italic small caps'  (m/scit) with NFSS spec.: 

(./paper.aux

LaTeX Warning: Label `sec:intro' multiply defined.

)
\openout1 = `paper.aux'.

LaTeX Font Info:    Checking defaults for OML/cmm/m/it on input line 90.
LaTeX Font Info:    ... okay on input line 90.
LaTeX Font Info:    Checking defaults for OMS/cmsy/m/n on input line 90.
LaTeX Font Info:    ... okay on input line 90.
LaTeX Font Info:    Checking defaults for OT1/cmr/m/n on input line 90.
LaTeX Font Info:    ... okay on input line 90.
LaTeX Font Info:    Checking defaults for T1/cmr/m/n on input line 90.
LaTeX Font Info:    ... okay on input line 90.
LaTeX Font Info:    Checking defaults for TS1/cmr/m/n on input line 90.
LaTeX Font Info:    Trying to load font information for TS1+cmr on input line 90.
 (e:/LaTex2022/texlive/2022/texmf-dist/tex/latex/base/ts1cmr.fd
File: ts1cmr.fd 2019/12/16 v2.5j Standard LaTeX font definitions
)
LaTeX Font Info:    ... okay on input line 90.
LaTeX Font Info:    Checking defaults for TU/lmr/m/n on input line 90.
LaTeX Font Info:    ... okay on input line 90.
LaTeX Font Info:    Checking defaults for OMX/cmex/m/n on input line 90.
LaTeX Font Info:    ... okay on input line 90.
LaTeX Font Info:    Checking defaults for U/cmr/m/n on input line 90.
LaTeX Font Info:    ... okay on input line 90.
LaTeX Font Info:    Checking defaults for PD1/pdf/m/n on input line 90.
LaTeX Font Info:    ... okay on input line 90.
LaTeX Font Info:    Checking defaults for PU/pdf/m/n on input line 90.
LaTeX Font Info:    ... okay on input line 90.
LaTeX Font Info:    Checking defaults for LS1/stix/m/n on input line 90.
LaTeX Font Info:    Trying to load font information for LS1+stix on input line 90.
 (e:/LaTex2022/texlive/2022/texmf-dist/tex/latex/stix/ls1stix.fd
File: ls1stix.fd 2015/04/17 v1.1.2-latex STIX LS1 font definitions
)
LaTeX Font Info:    ... okay on input line 90.
LaTeX Font Info:    Checking defaults for LS2/stix/m/n on input line 90.
LaTeX Font Info:    Trying to load font information for LS2+stix on input line 90.
 (e:/LaTex2022/texlive/2022/texmf-dist/tex/latex/stix/ls2stix.fd
File: ls2stix.fd 2015/04/17 v1.1.2-latex STIX LS2 font definitions
)
LaTeX Font Info:    ... okay on input line 90.
Package hyperref Info: Link coloring ON on input line 90.
 (e:/LaTex2022/texlive/2022/texmf-dist/tex/latex/hyperref/nameref.sty
Package: nameref 2021-04-02 v2.47 Cross-referencing by name of section
 (e:/LaTex2022/texlive/2022/texmf-dist/tex/latex/refcount/refcount.sty
Package: refcount 2019/12/15 v3.6 Data extraction from label references (HO)
) (e:/LaTex2022/texlive/2022/texmf-dist/tex/generic/gettitlestring/gettitlestring.sty
Package: gettitlestring 2019/12/15 v1.6 Cleanup title references (HO)
)
\c@section@level=\count393
)
LaTeX Info: Redefining \ref on input line 90.
LaTeX Info: Redefining \pageref on input line 90.
LaTeX Info: Redefining \nameref on input line 90.
 (./paper.out) (./paper.out)
\@outlinefile=\write3
\openout3 = `paper.out'.

 (e:/LaTex2022/texlive/2022/texmf-dist/tex/latex/upquote/upquote.sty
Package: upquote 2012/04/19 v1.3 upright-quote and grave-accent glyphs in verbatim
)
*geometry* driver: auto-detecting
*geometry* detected driver: xetex
*geometry* verbose mode - [ preamble ] result:
* driver: xetex
* paper: custom
* layout: <same size as paper>
* layoutoffset:(h,v)=(0.0pt,0.0pt)
* modes: 
* h-part:(L,W,R)=(51.4995pt, 494.50888pt, 51.4995pt)
* v-part:(T,H,B)=(55.48286pt, 689.4103pt, 51.784pt)
* \paperwidth=597.50787pt
* \paperheight=796.67715pt
* \textwidth=494.50888pt
* \textheight=689.4103pt
* \oddsidemargin=-20.7705pt
* \evensidemargin=-20.7705pt
* \topmargin=-40.78712pt
* \headheight=12.0pt
* \headsep=12.0pt
* \topskip=10.0pt
* \footskip=12.0pt
* \marginparwidth=4.0pt
* \marginparsep=10.0pt
* \columnsep=18.0pt
* \skip\footins=9.0pt plus 4.0pt minus 2.0pt
* \hoffset=0.0pt
* \voffset=0.0pt
* \mag=1000
* \@twocolumntrue
* \@twosidefalse
* \@mparswitchfalse
* \@reversemarginfalse
* (1in=72.27pt=25.4mm, 1cm=28.453pt)

Package caption Info: Begin \AtBeginDocument code.
Package caption Info: End \AtBeginDocument code.
LaTeX Font Info:    Trying to load font information for LS1+stixscr on input line 171.
(e:/LaTex2022/texlive/2022/texmf-dist/tex/latex/stix/ls1stixscr.fd
File: ls1stixscr.fd 2015/04/17 v1.1.2-latex STIX script LS1 font definitions
)
LaTeX Font Info:    Trying to load font information for LS2+stixex on input line 171.
 (e:/LaTex2022/texlive/2022/texmf-dist/tex/latex/stix/ls2stixex.fd
File: ls2stixex.fd 2015/04/17 v1.1.2-latex STIX extentions LS2 font definitions
)
LaTeX Font Info:    Trying to load font information for U+msa on input line 171.
 (e:/LaTex2022/texlive/2022/texmf-dist/tex/latex/amsfonts/umsa.fd
File: umsa.fd 2013/01/14 v3.01 AMS symbols A
)
LaTeX Font Info:    Trying to load font information for U+msb on input line 171.
 (e:/LaTex2022/texlive/2022/texmf-dist/tex/latex/amsfonts/umsb.fd
File: umsb.fd 2013/01/14 v3.01 AMS symbols B
)
LaTeX Font Info:    Trying to load font information for LS1+stixfrak on input line 171.
 (e:/LaTex2022/texlive/2022/texmf-dist/tex/latex/stix/ls1stixfrak.fd
File: ls1stixfrak.fd 2015/04/17 v1.1.2-latex STIX fraktur LS1 font definitions
)
LaTeX Font Info:    Trying to load font information for LS1+stixbb on input line 171.
 (e:/LaTex2022/texlive/2022/texmf-dist/tex/latex/stix/ls1stixbb.fd
File: ls1stixbb.fd 2015/04/17 v1.1.2-latex STIX blackboard LS1 font definitions
)
LaTeX Font Info:    Trying to load font information for LS2+stixcal on input line 171.
 (e:/LaTex2022/texlive/2022/texmf-dist/tex/latex/stix/ls2stixcal.fd
File: ls2stixcal.fd 2015/04/17 v1.1.2-latex STIX calligraphic LS2 font definitions
)
LaTeX Font Info:    Trying to load font information for LS1+stixsf on input line 171.
 (e:/LaTex2022/texlive/2022/texmf-dist/tex/latex/stix/ls1stixsf.fd
File: ls1stixsf.fd 2015/04/17 v1.1.2-latex STIX sans-serif LS1 font definitions
)
LaTeX Font Info:    Trying to load font information for LS2+stixtt on input line 171.
 (e:/LaTex2022/texlive/2022/texmf-dist/tex/latex/stix/ls2stixtt.fd
File: ls2stixtt.fd 2015/04/17 v1.1.2-latex STIX typewriter LS2 font definitions
)
LaTeX Font Info:    Trying to load font information for U+rsfs on input line 171.
 (e:/LaTex2022/texlive/2022/texmf-dist/tex/latex/jknapltx/ursfs.fd
File: ursfs.fd 1998/03/24 rsfs font definition file (jk)
) (./paper.abs)

Package hyperref Warning: Ignoring empty anchor on input line 171.


Package hyperref Warning: Ignoring empty anchor on input line 171.

File: thumbnails/cas-email.jpeg Graphic file (type bmp)
<thumbnails/cas-email.jpeg>

Package fontspec Warning: Font "FandolFang-Regular" does not contain requested
(fontspec)                Script "CJK".


Package fontspec Info: Font family 'FandolFang-Regular(0)' created for font
(fontspec)             'FandolFang-Regular' with options
(fontspec)             [Script={CJK},Extension={.otf}].
(fontspec)              
(fontspec)              This font family consists of the following NFSS
(fontspec)             series/shapes:
(fontspec)              
(fontspec)             - 'normal' (m/n) with NFSS spec.:
(fontspec)             <->"[FandolFang-Regular.otf]/OT:language=dflt;"
(fontspec)             - 'small caps'  (m/sc) with NFSS spec.: 


Package hyperref Warning: Ignoring empty anchor on input line 171.

File: thumbnails/cas-url.jpeg Graphic file (type bmp)
<thumbnails/cas-url.jpeg>

Package hyperref Warning: Ignoring empty anchor on input line 171.

\verbatim@out=\write4
\openout4 = `paper.abs'.

(./intro.tex

Package natbib Warning: Citation `DBLP:conf/aaai/PangLGXSC19' on page 1 undefined on input line 4.


LaTeX Font Warning: Font shape `U/rsfs/m/n' in size <7.5> not available
(Font)              size <7> substituted on input line 8.


Underfull \hbox (badness 1558) in paragraph at lines 8--9
\TU/lmr/m/n/10 to linearize relevant information and possible
 []

) (./related.tex) (./method.tex

Package fontspec Warning: Font "FandolHei-Regular" does not contain requested
(fontspec)                Script "CJK".


Package fontspec Info: Font family 'FandolHei-Regular(0)' created for font
(fontspec)             'FandolHei-Regular' with options
(fontspec)             [Script={CJK},Extension={.otf},BoldFont={FandolHei-Bold}].
(fontspec)              
(fontspec)              This font family consists of the following NFSS
(fontspec)             series/shapes:
(fontspec)              
(fontspec)             - 'normal' (m/n) with NFSS spec.:
(fontspec)             <->"[FandolHei-Regular.otf]/OT:language=dflt;"
(fontspec)             - 'small caps'  (m/sc) with NFSS spec.: 
(fontspec)             - 'bold' (b/n) with NFSS spec.:
(fontspec)             <->"[FandolHei-Bold.otf]/OT:language=dflt;"
(fontspec)             - 'bold small caps'  (b/sc) with NFSS spec.: 

File: overview.png Graphic file (type bmp)
<overview.png>

Overfull \hbox (17.64072pt too wide) in paragraph at lines 5--6
 [][] 
 []


Overfull \hbox (0.96202pt too wide) in paragraph at lines 16--17
[]\TU/lmr/bx/n/10 Numerical Values\TU/lmr/m/n/10 : In contrast to ambiguous words,
 []


Underfull \hbox (badness 1210) in paragraph at lines 18--19
[]\TU/lmr/bx/n/10 Multi-span Answers\TU/lmr/m/n/10 : In extractive multi-span
 []

[1


]
File: Prompts_construction.png Graphic file (type bmp)
<Prompts_construction.png>

Underfull \vbox (badness 10000) has occurred while \output is active []


Overfull \hbox (9.6931pt too wide) in paragraph at lines 42--44
\TU/lmr/m/n/10 tained more easily. Furthermore, to obtain well-structured
 []


Underfull \hbox (badness 1009) in paragraph at lines 42--44
\TU/lmr/m/n/10 results for complex model interactions, like entity
 []

[2]
Underfull \vbox (badness 3199) has occurred while \output is active []

File: EntityInsert.png Graphic file (type bmp)
<EntityInsert.png>
File: RandomConcat.png Graphic file (type bmp)
<RandomConcat.png>

Underfull \vbox (badness 10000) has occurred while \output is active []

 [3]
Overfull \hbox (4.39537pt too wide) in paragraph at lines 76--77
[]\TU/lmr/m/n/10 To further investigate the efficacy of multi-information
 []

) (./experiments.tex
Underfull \vbox (badness 1552) has occurred while \output is active []


Overfull \hbox (14.53047pt too wide) in paragraph at lines 10--11
\TU/lmr/m/n/10 HuggingFace implementation of $[][]$ or $[][]$
 []

[4]

LaTeX Font Warning: Font shape `TU/lmr/b/it' in size <10.5> not available
(Font)              Font shape `TU/lmr/b/sl' tried instead on input line 12.


Underfull \hbox (badness 1478) in paragraph at lines 16--18
\TU/lmr/m/n/10 enriches the context with continue writing, while
 []


Overfull \hbox (14.32552pt too wide) in paragraph at lines 37--39
[]\TU/lmr/m/n/10 We evaluate our model as well as baselines $\LS1/stix/m/n/10 .\LS1/stix/m/it/10 Section [][][]\LS1/stix/m/n/10 4\LS1/stix/m/it/10 :\LS1/stix/m/n/10 2\LS1/stix/m/it/10 :\LS1/stix/m/n/10 1[][]/$
 []


Overfull \hbox (22.9855pt too wide) in paragraph at lines 37--39
\TU/lmr/m/n/10 on the development splits of multi-span datasets $\LS1/stix/m/n/10 .\LS1/stix/m/it/10 Section [][][]\LS1/stix/m/n/10 4\LS1/stix/m/it/10 :\LS1/stix/m/n/10 1[][]/$
 []


Underfull \hbox (badness 1454) in paragraph at lines 86--87
\TU/lmr/m/n/10 AUG, consistently outperforms all other baselines
 []


Underfull \vbox (badness 10000) has occurred while \output is active []

 [5]
Underfull \vbox (badness 10000) has occurred while \output is active []

 [6]
Underfull \hbox (badness 1635) in paragraph at lines 201--202
\TU/lmr/m/n/10 nate original contexts and continuation, on com-
 []


Underfull \hbox (badness 1910) in paragraph at lines 201--202
\TU/lmr/m/n/10 for information integration, which determine how
 []


Package array Warning: Column C is already defined on input line 208.


Package array Warning: Column C is already defined on input line 232.

) (./conclusion.tex) [7]
No file paper.bbl.

Package natbib Warning: There were undefined citations.


Underfull \vbox (badness 10000) has occurred while \output is active []

 [8] (./paper.aux)

LaTeX Font Warning: Size substitutions with differences
(Font)              up to 0.5pt have occurred.


LaTeX Warning: There were multiply-defined labels.

Package rerunfilecheck Info: File `paper.out' has not changed.
(rerunfilecheck)             Checksum: D41D8CD98F00B204E9800998ECF8427E;0.
 ) 
Here is how much of TeX's memory you used:
 24238 strings out of 476179
 454017 string characters out of 5808662
 843927 words of memory out of 5000000
 44525 multiletter control sequences out of 15000+600000
 522858 words of font info for 177 fonts, out of 8000000 for 9000
 1348 hyphenation exceptions out of 8191
 75i,13n,117p,1242b,561s stack positions out of 10000i,1000n,20000p,200000b,200000s

Output written on paper.pdf (8 pages).
